<?xml version="1.0" encoding="UTF-8"?>
<robot generator="Robot 4.0.3 (Python 3.9.6 on win32)" generated="20210713 20:57:59.256" rpa="false" schemaversion="2">
<suite id="s1" name="Exercicios 1" source="C:\Users\pbarbosa\treinamentosis\exercicios_1.robot">
<test id="s1-t1" name="Log To Console $[Pessoa.Nome]">
<status status="FAIL" starttime="20210713 20:57:59.285" endtime="20210713 20:57:59.286">Test case contains no keywords.</status>
</test>
<test id="s1-t2" name="Log {'Nome': 'Pamela', 'Sobrenome': 'Barbosa', 'Profissão': 'Analista de Testes', 'Idade': '29 anos', 'Nacionalidade': 'Brasileira', 'Estado Civil': 'Casada'}">
<status status="FAIL" starttime="20210713 20:57:59.288" endtime="20210713 20:57:59.289">Test case contains no keywords.</status>
</test>
<test id="s1-t3" name="Log To Console ['Apple', 'Motorola', 'Nokia', 'Samsung', 'LG']">
<status status="FAIL" starttime="20210713 20:57:59.290" endtime="20210713 20:57:59.290">Test case contains no keywords.</status>
</test>
<test id="s1-t4" name="Log ['Apple', 'Motorola', 'Nokia', 'Samsung', 'LG']">
<status status="FAIL" starttime="20210713 20:57:59.290" endtime="20210713 20:57:59.292">Test case contains no keywords.</status>
</test>
<test id="s1-t5" name="Log To Console ${Celular.[0]}">
<status status="FAIL" starttime="20210713 20:57:59.292" endtime="20210713 20:57:59.293">Test case contains no keywords.</status>
</test>
<test id="s1-t6" name="Log ['Apple', 'Motorola', 'Nokia', 'Samsung', 'LG']">
<status status="FAIL" starttime="20210713 20:57:59.293" endtime="20210713 20:57:59.293">Test case contains no keywords.</status>
</test>
<test id="s1-t7" name="Média">
<kw name="Evaluate" library="BuiltIn">
<var>${Média}</var>
<arg>${Notas.N1}+${Notas.N3}/3</arg>
<doc>Evaluates the given expression in Python and returns the result.</doc>
<msg timestamp="20210713 20:57:59.297" level="INFO">${Média} = 6.333333333333333</msg>
<status status="PASS" starttime="20210713 20:57:59.296" endtime="20210713 20:57:59.297"/>
</kw>
<kw name="Log To Console" library="BuiltIn">
<arg>${Média}</arg>
<doc>Logs the given message to the console.</doc>
<status status="PASS" starttime="20210713 20:57:59.297" endtime="20210713 20:57:59.298"/>
</kw>
<kw name="Log" library="BuiltIn">
<arg>${Média}</arg>
<doc>Logs the given message with the given level.</doc>
<msg timestamp="20210713 20:57:59.298" level="INFO">6.333333333333333</msg>
<status status="PASS" starttime="20210713 20:57:59.298" endtime="20210713 20:57:59.298"/>
</kw>
<status status="PASS" starttime="20210713 20:57:59.295" endtime="20210713 20:57:59.298"/>
</test>
<doc>Aqui estarão presentes os treinamentos da SIS</doc>
<status status="FAIL" starttime="20210713 20:57:59.258" endtime="20210713 20:57:59.299"/>
</suite>
<statistics>
<total>
<stat pass="1" fail="6" skip="0">All Tests</stat>
</total>
<tag>
</tag>
<suite>
<stat pass="1" fail="6" skip="0" id="s1" name="Exercicios 1">Exercicios 1</stat>
</suite>
</statistics>
<errors>
<msg timestamp="20210713 20:57:59.293" level="WARN">Multiple test cases with name 'Log ${Celular}' executed in test suite 'Exercicios 1'.</msg>
</errors>
</robot>
